2019-12-27 16:20:26,145 - Log4JLogChute initialized using file 'velocity.log'
2019-12-27 16:20:26,146 - Initializing Velocity, Calling init()...
2019-12-27 16:20:26,146 - Starting Apache Velocity v1.7 (compiled: 2010-11-19 12:14:37)
2019-12-27 16:20:26,146 - Default Properties File: org\apache\velocity\runtime\defaults\velocity.properties
2019-12-27 16:20:26,146 - Trying to use logger class org.apache.velocity.runtime.log.AvalonLogChute
2019-12-27 16:20:26,146 - Target log system for org.apache.velocity.runtime.log.AvalonLogChute is not available (java.lang.NoClassDefFoundError: org/apache/log/format/Formatter).  Falling back to next log system...
2019-12-27 16:20:26,146 - Trying to use logger class org.apache.velocity.runtime.log.Log4JLogChute
2019-12-27 16:20:26,147 - Using logger class org.apache.velocity.runtime.log.Log4JLogChute
2019-12-27 16:20:26,156 - ResourceLoader instantiated: org.apache.velocity.runtime.resource.loader.ClasspathResourceLoader
2019-12-27 16:20:26,193 - ResourceCache: initialized (class org.apache.velocity.runtime.resource.ResourceCacheImpl) with class java.util.Collections$SynchronizedMap cache map.
2019-12-27 16:20:26,200 - Loaded System Directive: org.apache.velocity.runtime.directive.Stop
2019-12-27 16:20:26,202 - Loaded System Directive: org.apache.velocity.runtime.directive.Define
2019-12-27 16:20:26,204 - Loaded System Directive: org.apache.velocity.runtime.directive.Break
2019-12-27 16:20:26,206 - Loaded System Directive: org.apache.velocity.runtime.directive.Evaluate
2019-12-27 16:20:26,207 - Loaded System Directive: org.apache.velocity.runtime.directive.Literal
2019-12-27 16:20:26,209 - Loaded System Directive: org.apache.velocity.runtime.directive.Macro
2019-12-27 16:20:26,213 - Loaded System Directive: org.apache.velocity.runtime.directive.Parse
2019-12-27 16:20:26,216 - Loaded System Directive: org.apache.velocity.runtime.directive.Include
2019-12-27 16:20:26,218 - Loaded System Directive: org.apache.velocity.runtime.directive.Foreach
2019-12-27 16:20:26,283 - Created '20' parsers.
2019-12-27 16:20:26,298 - Velocimacro : "velocimacro.library" is not set.  Trying default library: VM_global_library.vm
2019-12-27 16:20:26,301 - Could not load resource 'VM_global_library.vm' from ResourceLoader org.apache.velocity.runtime.resource.loader.ClasspathResourceLoader: ClasspathResourceLoader Error: cannot find resource VM_global_library.vm
2019-12-27 16:20:26,301 - Velocimacro : Default library not found.
2019-12-27 16:20:26,302 - Velocimacro : allowInline = true : VMs can be defined inline in templates
2019-12-27 16:20:26,302 - Velocimacro : allowInlineToOverride = false : VMs defined inline may NOT replace previous VM definitions
2019-12-27 16:20:26,302 - Velocimacro : allowInlineLocal = false : VMs defined inline will be global in scope if allowed.
2019-12-27 16:20:26,302 - Velocimacro : autoload off : VM system will not automatically reload global library macros
2019-12-27 16:20:26,355 - ResourceManager : found template/Entity.java.vm with loader org.apache.velocity.runtime.resource.loader.ClasspathResourceLoader
2019-12-27 16:20:26,411 - ResourceManager : found template/Dao.java.vm with loader org.apache.velocity.runtime.resource.loader.ClasspathResourceLoader
2019-12-27 16:20:26,464 - ResourceManager : found template/Dao.xml.vm with loader org.apache.velocity.runtime.resource.loader.ClasspathResourceLoader
2019-12-27 16:20:26,484 - Null reference [template 'template/Dao.xml.vm', line 38, column 26] : ${sidx} cannot be resolved.
2019-12-27 16:20:26,484 - Null reference [template 'template/Dao.xml.vm', line 38, column 34] : ${order} cannot be resolved.
2019-12-27 16:20:26,517 - ResourceManager : found template/Service.java.vm with loader org.apache.velocity.runtime.resource.loader.ClasspathResourceLoader
2019-12-27 16:20:26,521 - ResourceManager : found template/ServiceImpl.java.vm with loader org.apache.velocity.runtime.resource.loader.ClasspathResourceLoader
2019-12-27 16:20:26,528 - ResourceManager : found template/Controller.java.vm with loader org.apache.velocity.runtime.resource.loader.ClasspathResourceLoader
2019-12-27 16:20:26,546 - ResourceManager : found template/list.html.vm with loader org.apache.velocity.runtime.resource.loader.ClasspathResourceLoader
2019-12-27 16:20:26,547 - Null reference [template 'template/list.html.vm', line 56, column 14] : ${rc.contextPath} cannot be resolved.
2019-12-27 16:20:26,547 - Null reference [template 'template/list.html.vm', line 56, column 61] : ${date.systemTime} cannot be resolved.
2019-12-27 16:20:26,579 - ResourceManager : found template/list.js.vm with loader org.apache.velocity.runtime.resource.loader.ClasspathResourceLoader
2019-12-27 16:20:26,583 - ResourceManager : found template/menu.sql.vm with loader org.apache.velocity.runtime.resource.loader.ClasspathResourceLoader
2019-12-27 16:30:01,634 - Log4JLogChute initialized using file 'velocity.log'
2019-12-27 16:30:01,636 - Initializing Velocity, Calling init()...
2019-12-27 16:30:01,636 - Starting Apache Velocity v1.7 (compiled: 2010-11-19 12:14:37)
2019-12-27 16:30:01,636 - Default Properties File: org\apache\velocity\runtime\defaults\velocity.properties
2019-12-27 16:30:01,636 - Trying to use logger class org.apache.velocity.runtime.log.AvalonLogChute
2019-12-27 16:30:01,636 - Target log system for org.apache.velocity.runtime.log.AvalonLogChute is not available (java.lang.NoClassDefFoundError: org/apache/log/format/Formatter).  Falling back to next log system...
2019-12-27 16:30:01,636 - Trying to use logger class org.apache.velocity.runtime.log.Log4JLogChute
2019-12-27 16:30:01,636 - Using logger class org.apache.velocity.runtime.log.Log4JLogChute
2019-12-27 16:30:01,644 - ResourceLoader instantiated: org.apache.velocity.runtime.resource.loader.ClasspathResourceLoader
2019-12-27 16:30:01,669 - ResourceCache: initialized (class org.apache.velocity.runtime.resource.ResourceCacheImpl) with class java.util.Collections$SynchronizedMap cache map.
2019-12-27 16:30:01,687 - Loaded System Directive: org.apache.velocity.runtime.directive.Stop
2019-12-27 16:30:01,689 - Loaded System Directive: org.apache.velocity.runtime.directive.Define
2019-12-27 16:30:01,691 - Loaded System Directive: org.apache.velocity.runtime.directive.Break
2019-12-27 16:30:01,692 - Loaded System Directive: org.apache.velocity.runtime.directive.Evaluate
2019-12-27 16:30:01,693 - Loaded System Directive: org.apache.velocity.runtime.directive.Literal
2019-12-27 16:30:01,696 - Loaded System Directive: org.apache.velocity.runtime.directive.Macro
2019-12-27 16:30:01,703 - Loaded System Directive: org.apache.velocity.runtime.directive.Parse
2019-12-27 16:30:01,705 - Loaded System Directive: org.apache.velocity.runtime.directive.Include
2019-12-27 16:30:01,708 - Loaded System Directive: org.apache.velocity.runtime.directive.Foreach
2019-12-27 16:30:01,770 - Created '20' parsers.
2019-12-27 16:30:01,784 - Velocimacro : "velocimacro.library" is not set.  Trying default library: VM_global_library.vm
2019-12-27 16:30:01,788 - Could not load resource 'VM_global_library.vm' from ResourceLoader org.apache.velocity.runtime.resource.loader.ClasspathResourceLoader: ClasspathResourceLoader Error: cannot find resource VM_global_library.vm
2019-12-27 16:30:01,788 - Velocimacro : Default library not found.
2019-12-27 16:30:01,788 - Velocimacro : allowInline = true : VMs can be defined inline in templates
2019-12-27 16:30:01,788 - Velocimacro : allowInlineToOverride = false : VMs defined inline may NOT replace previous VM definitions
2019-12-27 16:30:01,788 - Velocimacro : allowInlineLocal = false : VMs defined inline will be global in scope if allowed.
2019-12-27 16:30:01,788 - Velocimacro : autoload off : VM system will not automatically reload global library macros
2019-12-27 16:30:01,828 - ResourceManager : found template/Entity.java.vm with loader org.apache.velocity.runtime.resource.loader.ClasspathResourceLoader
2019-12-27 16:30:01,859 - ResourceManager : found template/Dao.java.vm with loader org.apache.velocity.runtime.resource.loader.ClasspathResourceLoader
2019-12-27 16:30:01,884 - ResourceManager : found template/Dao.xml.vm with loader org.apache.velocity.runtime.resource.loader.ClasspathResourceLoader
2019-12-27 16:30:01,891 - Null reference [template 'template/Dao.xml.vm', line 38, column 26] : ${sidx} cannot be resolved.
2019-12-27 16:30:01,891 - Null reference [template 'template/Dao.xml.vm', line 38, column 34] : ${order} cannot be resolved.
2019-12-27 16:30:01,911 - ResourceManager : found template/Service.java.vm with loader org.apache.velocity.runtime.resource.loader.ClasspathResourceLoader
2019-12-27 16:30:01,926 - ResourceManager : found template/ServiceImpl.java.vm with loader org.apache.velocity.runtime.resource.loader.ClasspathResourceLoader
2019-12-27 16:30:01,934 - ResourceManager : found template/Controller.java.vm with loader org.apache.velocity.runtime.resource.loader.ClasspathResourceLoader
2019-12-27 16:30:01,949 - ResourceManager : found template/list.html.vm with loader org.apache.velocity.runtime.resource.loader.ClasspathResourceLoader
2019-12-27 16:30:01,950 - Null reference [template 'template/list.html.vm', line 56, column 14] : ${rc.contextPath} cannot be resolved.
2019-12-27 16:30:01,950 - Null reference [template 'template/list.html.vm', line 56, column 61] : ${date.systemTime} cannot be resolved.
2019-12-27 16:30:01,956 - ResourceManager : found template/list.js.vm with loader org.apache.velocity.runtime.resource.loader.ClasspathResourceLoader
2019-12-27 16:30:02,015 - ResourceManager : found template/menu.sql.vm with loader org.apache.velocity.runtime.resource.loader.ClasspathResourceLoader
